<?xml version="1.0" encoding="UTF-8"?>
<testng-results ignored="0" total="3" passed="3" failed="0" skipped="0">
  <reporter-output>
  </reporter-output>
  <suite started-at="2025-02-03T17:37:11 IST" name="Default suite" finished-at="2025-02-03T17:37:15 IST" duration-ms="4087">
    <groups>
    </groups>
    <test started-at="2025-02-03T17:37:11 IST" name="Default test" finished-at="2025-02-03T17:37:15 IST" duration-ms="4087">
      <class name="com.CRM.TestCase.HomePageTestCase">
        <test-method is-config="true" signature="setup()[pri:0, instance:com.CRM.TestCase.HomePageTestCase@6a6cb05c]" started-at="2025-02-03T17:37:11 IST" name="setup" finished-at="2025-02-03T17:37:14 IST" duration-ms="3144" status="PASS">
          <reporter-output>
          </reporter-output>
        </test-method> <!-- setup -->
        <test-method signature="verifyUrl()[pri:1, instance:com.CRM.TestCase.HomePageTestCase@6a6cb05c]" started-at="2025-02-03T17:37:14 IST" name="verifyUrl" finished-at="2025-02-03T17:37:14 IST" duration-ms="32" status="PASS">
          <reporter-output>
          </reporter-output>
        </test-method> <!-- verifyUrl -->
        <test-method signature="verifyTitle()[pri:2, instance:com.CRM.TestCase.HomePageTestCase@6a6cb05c]" started-at="2025-02-03T17:37:14 IST" name="verifyTitle" finished-at="2025-02-03T17:37:14 IST" duration-ms="13" status="PASS">
          <reporter-output>
          </reporter-output>
        </test-method> <!-- verifyTitle -->
        <test-method signature="validateSIgnInLink()[pri:3, instance:com.CRM.TestCase.HomePageTestCase@6a6cb05c]" started-at="2025-02-03T17:37:14 IST" name="validateSIgnInLink" finished-at="2025-02-03T17:37:15 IST" duration-ms="860" status="PASS">
          <reporter-output>
          </reporter-output>
        </test-method> <!-- validateSIgnInLink -->
      </class> <!-- com.CRM.TestCase.HomePageTestCase -->
    </test> <!-- Default test -->
  </suite> <!-- Default suite -->
</testng-results>
